  PerlinNoise.cpp
c:\users\jonas\desktop\cpp\terraingenerator\perlinnoise\perlinnoise.cpp(82): warning C4244: 'argument': conversion from 'time_t' to 'unsigned int', possible loss of data
c:\users\jonas\desktop\cpp\terraingenerator\perlinnoise\perlinnoise.cpp(149): warning C4244: '=': conversion from 'int' to 'float', possible loss of data
c:\users\jonas\desktop\cpp\terraingenerator\perlinnoise\perlinnoise.cpp(152): warning C4244: '=': conversion from 'double' to 'int', possible loss of data
c:\users\jonas\desktop\cpp\terraingenerator\perlinnoise\perlinnoise.cpp(155): warning C4244: '=': conversion from 'double' to 'int', possible loss of data
c:\users\jonas\desktop\cpp\terraingenerator\perlinnoise\perlinnoise.cpp(169): warning C4244: '=': conversion from 'double' to 'int', possible loss of data
c:\users\jonas\desktop\cpp\terraingenerator\perlinnoise\perlinnoise.cpp(170): warning C4244: '=': conversion from 'double' to 'int', possible loss of data
c:\users\jonas\desktop\cpp\terraingenerator\perlinnoise\perlinnoise.cpp(225): warning C4244: 'return': conversion from '_Ty' to 'float', possible loss of data
          with
          [
              _Ty=double
          ]
c:\users\jonas\desktop\cpp\terraingenerator\perlinnoise\perlinnoise.cpp(258): warning C4101: 'Wy': unreferenced local variable
c:\users\jonas\desktop\cpp\terraingenerator\perlinnoise\perlinnoise.cpp(257): warning C4101: 'Wx': unreferenced local variable
c:\users\jonas\desktop\cpp\terraingenerator\perlinnoise\perlinnoise.cpp(327): warning C4244: '=': conversion from 'float' to 'int', possible loss of data
c:\users\jonas\desktop\cpp\terraingenerator\perlinnoise\perlinnoise.cpp(328): warning C4244: '=': conversion from 'float' to 'int', possible loss of data
c:\users\jonas\desktop\cpp\terraingenerator\perlinnoise\perlinnoise.cpp(329): warning C4244: '=': conversion from 'float' to 'int', possible loss of data
c:\users\jonas\desktop\cpp\terraingenerator\perlinnoise\perlinnoise.cpp(330): warning C4244: '=': conversion from 'float' to 'int', possible loss of data
  pNoise.cpp
  Generating code
c:\users\jonas\desktop\cpp\terraingenerator\perlinnoise\perlinnoise.cpp(457): warning C4715: 'isPowerOf2Plus1': not all control paths return a value
  245 of 251 functions (97.6%) were compiled, the rest were copied from previous compilation.
    15 functions were new in current compilation
    0 functions had inline decision re-evaluated but remain unchanged
  Finished generating code
  PerlinNoise.vcxproj -> C:\Users\Jonas\Desktop\CPP\TerrainGenerator\x64\Release\PerlinNoise.exe
