c:\users\home\desktop\learnings\cpp\terraingenerator\perlinnoise\x64\release\vc141.pdb
c:\users\home\desktop\learnings\cpp\terraingenerator\perlinnoise\x64\release\pnoise.obj
c:\users\home\desktop\learnings\cpp\terraingenerator\perlinnoise\x64\release\perlinnoise.obj
c:\users\jonasallemann\desktop\learnings\cpp\sfml_projects\perlinnoise\x64\release\vc141.pdb
c:\users\jonasallemann\desktop\learnings\cpp\sfml_projects\perlinnoise\x64\release\pnoise.obj
c:\users\jonasallemann\desktop\learnings\cpp\sfml_projects\perlinnoise\x64\release\perlinnoise.obj
c:\users\jonasallemann\desktop\learnings\cpp\sfmlterraingenerator\x64\release\perlinnoise.exe
c:\users\jonasallemann\desktop\learnings\cpp\sfmlterraingenerator\x64\release\perlinnoise.pdb
c:\users\jonas\desktop\cpp\terraingenerator\x64\release\perlinnoise.exe
c:\users\jonas\desktop\cpp\terraingenerator\x64\release\perlinnoise.pdb
c:\users\home\desktop\learnings\cpp\terraingenerator\x64\release\perlinnoise.exe
c:\users\home\desktop\learnings\cpp\terraingenerator\x64\release\perlinnoise.pdb
c:\users\jonasallemann\desktop\learnings\cpp\sfml_projects\x64\release\perlinnoise.exe
c:\users\jonasallemann\desktop\learnings\cpp\sfml_projects\x64\release\perlinnoise.pdb
c:\users\jonasallemann\desktop\learnings\cpp\sfmlterraingenerator\x64\release\perlinnoise.ipdb
c:\users\jonasallemann\desktop\learnings\cpp\sfmlterraingenerator\x64\release\perlinnoise.iobj
c:\users\jonas\desktop\cpp\terraingenerator\x64\release\perlinnoise.ipdb
c:\users\jonas\desktop\cpp\terraingenerator\x64\release\perlinnoise.iobj
c:\users\home\desktop\learnings\cpp\terraingenerator\x64\release\perlinnoise.ipdb
c:\users\home\desktop\learnings\cpp\terraingenerator\x64\release\perlinnoise.iobj
c:\users\jonasallemann\desktop\learnings\cpp\sfml_projects\x64\release\perlinnoise.ipdb
c:\users\jonasallemann\desktop\learnings\cpp\sfml_projects\x64\release\perlinnoise.iobj
c:\users\jonasallemann\desktop\learnings\cpp\sfml_projects\perlinnoise\x64\release\perlinnoise.tlog\cl.command.1.tlog
c:\users\jonasallemann\desktop\learnings\cpp\sfml_projects\perlinnoise\x64\release\perlinnoise.tlog\cl.read.1.tlog
c:\users\jonasallemann\desktop\learnings\cpp\sfml_projects\perlinnoise\x64\release\perlinnoise.tlog\cl.write.1.tlog
c:\users\jonasallemann\desktop\learnings\cpp\sfml_projects\perlinnoise\x64\release\perlinnoise.tlog\link.command.1.tlog
c:\users\jonasallemann\desktop\learnings\cpp\sfml_projects\perlinnoise\x64\release\perlinnoise.tlog\link.read.1.tlog
c:\users\jonasallemann\desktop\learnings\cpp\sfml_projects\perlinnoise\x64\release\perlinnoise.tlog\link.write.1.tlog
c:\users\jonasallemann\desktop\learnings\cpp\sfml_projects\perlinnoise\x64\release\perlinnoise.tlog\perlinnoise.write.1u.tlog
